2024-05-07 10:06:57.134 [info] Starting TS Server
2024-05-07 10:06:57.134 [info] Using tsserver from: /usr/share/code/resources/app/extensions/node_modules/typescript/lib/tsserver.js
2024-05-07 10:06:57.134 [info] <syntax> Forking...
2024-05-07 10:06:57.134 [info] <syntax> Starting...
2024-05-07 10:06:57.134 [info] <semantic> Forking...
2024-05-07 10:06:57.134 [info] <semantic> Starting...
2024-05-07 10:07:17.632 [info] Killing TS Server
2024-05-07 10:07:17.632 [info] Starting TS Server
2024-05-07 10:07:17.632 [info] Using tsserver from: /usr/share/code/resources/app/extensions/node_modules/typescript/lib/tsserver.js
2024-05-07 10:07:17.632 [info] <syntax> Forking...
2024-05-07 10:07:17.632 [info] <syntax> Starting...
2024-05-07 10:07:17.632 [info] <semantic> Forking...
2024-05-07 10:07:17.632 [info] <semantic> Starting...
2024-05-07 10:07:17.633 [error] TSServer exited. Code: null. Signal: SIGTERM
2024-05-07 13:25:04.463 [info] Starting TS Server
2024-05-07 13:25:04.463 [info] Using tsserver from: /usr/share/code/resources/app/extensions/node_modules/typescript/lib/tsserver.js
2024-05-07 13:25:04.463 [info] <syntax> Forking...
2024-05-07 13:25:04.463 [info] <syntax> Starting...
2024-05-07 13:25:04.463 [info] <semantic> Forking...
2024-05-07 13:25:04.463 [info] <semantic> Starting...
2024-05-07 13:25:04.463 [info] Killing TS Server
2024-05-07 13:25:04.463 [info] Starting TS Server
2024-05-07 13:25:04.463 [info] Using tsserver from: /usr/share/code/resources/app/extensions/node_modules/typescript/lib/tsserver.js
2024-05-07 13:25:04.463 [info] <syntax> Forking...
2024-05-07 13:25:04.463 [info] <syntax> Starting...
2024-05-07 13:25:04.463 [info] <semantic> Forking...
2024-05-07 13:25:04.463 [info] <semantic> Starting...
2024-05-07 13:25:04.463 [error] TSServer exited. Code: null. Signal: SIGTERM
2024-05-07 13:32:48.200 [info] Killing TS Server
2024-05-07 13:32:48.200 [info] Starting TS Server
2024-05-07 13:32:48.200 [info] Using tsserver from: /usr/share/code/resources/app/extensions/node_modules/typescript/lib/tsserver.js
2024-05-07 13:32:48.200 [info] <syntax> Forking...
2024-05-07 13:32:48.200 [info] <syntax> Starting...
2024-05-07 13:32:48.200 [info] <semantic> Forking...
2024-05-07 13:32:48.200 [info] <semantic> Starting...
2024-05-07 13:32:48.201 [error] TSServer exited. Code: null. Signal: SIGTERM
2024-05-07 13:46:40.324 [info] Killing TS Server
2024-05-07 13:46:40.324 [info] Starting TS Server
2024-05-07 13:46:40.324 [info] Using tsserver from: /usr/share/code/resources/app/extensions/node_modules/typescript/lib/tsserver.js
2024-05-07 13:46:40.324 [info] <syntax> Forking...
2024-05-07 13:46:40.324 [info] <syntax> Starting...
2024-05-07 13:46:40.324 [info] <semantic> Forking...
2024-05-07 13:46:40.324 [info] <semantic> Starting...
2024-05-07 13:46:40.351 [error] TSServer exited. Code: null. Signal: SIGTERM
