2024-05-07 10:01:18.629 [info] Log level: Info
2024-05-07 10:01:18.629 [info] Validating found git in: "git"
2024-05-07 10:01:18.629 [info] Using git "2.34.1" from "git"
2024-05-07 10:01:31.798 [info] Log level: Info
2024-05-07 10:01:31.798 [info] Validating found git in: "git"
2024-05-07 10:01:31.798 [info] Using git "2.34.1" from "git"
2024-05-07 10:01:31.798 [info] > git rev-parse --show-toplevel [5ms]
2024-05-07 10:01:31.802 [info] > git rev-parse --git-dir --git-common-dir [1ms]
2024-05-07 10:01:31.807 [info] Open repository: /home/sdhz/Desktop/Purwadhika/MP-JCWD0310-02
2024-05-07 10:01:31.817 [info] > git config --get commit.template [4ms]
2024-05-07 10:01:31.819 [info] > git rev-parse --show-toplevel [3ms]
2024-05-07 10:01:31.826 [info] > git for-each-ref --format=%(refname)%00%(upstream:short)%00%(objectname)%00%(upstream:track)%00%(upstream:remotename)%00%(upstream:remoteref) refs/heads/feature-auth refs/remotes/feature-auth [4ms]
2024-05-07 10:01:31.830 [info] > git rev-parse --show-toplevel [5ms]
2024-05-07 10:01:31.833 [info] > git status -z -uall [4ms]
2024-05-07 10:01:31.842 [info] > git rev-parse --show-toplevel [10ms]
2024-05-07 10:01:31.848 [info] > git rev-parse --show-toplevel [3ms]
2024-05-07 10:01:31.850 [info] > git config --get commit.template [9ms]
2024-05-07 10:01:31.883 [info] > git for-each-ref --format=%(refname)%00%(upstream:short)%00%(objectname)%00%(upstream:track)%00%(upstream:remotename)%00%(upstream:remoteref) refs/heads/feature-auth refs/remotes/feature-auth [29ms]
2024-05-07 10:01:31.901 [info] > git status -z -uall [15ms]
2024-05-07 10:01:32.326 [info] > git check-ignore -v -z --stdin [2ms]
2024-05-07 10:01:35.904 [info] > git config --get commit.template [6ms]
2024-05-07 10:01:35.905 [info] > git for-each-ref --format=%(refname)%00%(upstream:short)%00%(objectname)%00%(upstream:track)%00%(upstream:remotename)%00%(upstream:remoteref) refs/heads/feature-auth refs/remotes/feature-auth [1ms]
2024-05-07 10:01:35.914 [info] > git status -z -uall [5ms]
2024-05-07 10:01:40.998 [info] > git check-ignore -v -z --stdin [2ms]
2024-05-07 10:01:43.022 [info] > git check-ignore -v -z --stdin [1ms]
2024-05-07 10:01:43.783 [info] > git check-ignore -v -z --stdin [2ms]
2024-05-07 10:01:44.587 [info] > git check-ignore -v -z --stdin [1ms]
2024-05-07 10:01:45.436 [info] > git config --get commit.template [8ms]
2024-05-07 10:01:45.437 [info] > git for-each-ref --format=%(refname)%00%(upstream:short)%00%(objectname)%00%(upstream:track)%00%(upstream:remotename)%00%(upstream:remoteref) refs/heads/feature-auth refs/remotes/feature-auth [2ms]
2024-05-07 10:01:45.444 [info] > git status -z -uall [3ms]
2024-05-07 10:01:46.418 [info] > git check-ignore -v -z --stdin [2ms]
2024-05-07 10:01:47.029 [info] > git show --textconv :apps/api/prisma/schema.prisma [5ms]
2024-05-07 10:01:47.030 [info] > git ls-files --stage -- /home/sdhz/Desktop/Purwadhika/MP-JCWD0310-02/apps/api/prisma/schema.prisma [1ms]
2024-05-07 10:01:47.035 [info] > git cat-file -s c92f6e98f77f85ab6fe38474bd2681b319d6b0fe [1ms]
2024-05-07 10:01:50.458 [info] > git config --get commit.template [5ms]
2024-05-07 10:01:50.458 [info] > git for-each-ref --format=%(refname)%00%(upstream:short)%00%(objectname)%00%(upstream:track)%00%(upstream:remotename)%00%(upstream:remoteref) refs/heads/feature-auth refs/remotes/feature-auth [1ms]
2024-05-07 10:01:50.464 [info] > git status -z -uall [3ms]
2024-05-07 10:01:50.910 [info] > git check-ignore -v -z --stdin [2ms]
2024-05-07 10:01:52.097 [info] > git check-ignore -v -z --stdin [1ms]
2024-05-07 10:01:52.629 [info] > git show --textconv :apps/api/src/services/auth/login.service.ts [8ms]
2024-05-07 10:01:52.629 [info] > git ls-files --stage -- /home/sdhz/Desktop/Purwadhika/MP-JCWD0310-02/apps/api/src/services/auth/login.service.ts [2ms]
2024-05-07 10:01:52.638 [info] > git cat-file -s 809fcc123e11822d7315e18e199b27d9bd5bca40 [1ms]
2024-05-07 10:02:01.981 [info] > git config --get commit.template [7ms]
2024-05-07 10:02:01.981 [info] > git for-each-ref --format=%(refname)%00%(upstream:short)%00%(objectname)%00%(upstream:track)%00%(upstream:remotename)%00%(upstream:remoteref) refs/heads/feature-auth refs/remotes/feature-auth [2ms]
2024-05-07 10:02:01.990 [info] > git status -z -uall [4ms]
2024-05-07 10:02:07.010 [info] > git config --get commit.template [6ms]
2024-05-07 10:02:07.011 [info] > git for-each-ref --format=%(refname)%00%(upstream:short)%00%(objectname)%00%(upstream:track)%00%(upstream:remotename)%00%(upstream:remoteref) refs/heads/feature-auth refs/remotes/feature-auth [2ms]
2024-05-07 10:02:07.020 [info] > git status -z -uall [4ms]
2024-05-07 10:02:12.043 [info] > git config --get commit.template [7ms]
2024-05-07 10:02:12.043 [info] > git for-each-ref --format=%(refname)%00%(upstream:short)%00%(objectname)%00%(upstream:track)%00%(upstream:remotename)%00%(upstream:remoteref) refs/heads/feature-auth refs/remotes/feature-auth [1ms]
2024-05-07 10:02:12.051 [info] > git status -z -uall [4ms]
2024-05-07 10:02:14.843 [info] > git show --textconv :apps/api/src/services/auth/register.service.ts [6ms]
2024-05-07 10:02:14.845 [info] > git ls-files --stage -- /home/sdhz/Desktop/Purwadhika/MP-JCWD0310-02/apps/api/src/services/auth/register.service.ts [2ms]
2024-05-07 10:02:14.850 [info] > git cat-file -s 8b2f4a05f13af3f045322191c9639acadf51c953 [1ms]
2024-05-07 10:02:17.073 [info] > git config --get commit.template [6ms]
2024-05-07 10:02:17.074 [info] > git for-each-ref --format=%(refname)%00%(upstream:short)%00%(objectname)%00%(upstream:track)%00%(upstream:remotename)%00%(upstream:remoteref) refs/heads/feature-auth refs/remotes/feature-auth [1ms]
2024-05-07 10:02:17.083 [info] > git status -z -uall [4ms]
2024-05-07 10:02:22.102 [info] > git config --get commit.template [6ms]
2024-05-07 10:02:22.103 [info] > git for-each-ref --format=%(refname)%00%(upstream:short)%00%(objectname)%00%(upstream:track)%00%(upstream:remotename)%00%(upstream:remoteref) refs/heads/feature-auth refs/remotes/feature-auth [2ms]
2024-05-07 10:02:22.113 [info] > git status -z -uall [4ms]
2024-05-07 10:02:27.136 [info] > git config --get commit.template [8ms]
2024-05-07 10:02:27.137 [info] > git for-each-ref --format=%(refname)%00%(upstream:short)%00%(objectname)%00%(upstream:track)%00%(upstream:remotename)%00%(upstream:remoteref) refs/heads/feature-auth refs/remotes/feature-auth [2ms]
2024-05-07 10:02:27.149 [info] > git status -z -uall [6ms]
2024-05-07 10:02:32.172 [info] > git config --get commit.template [6ms]
2024-05-07 10:02:32.172 [info] > git for-each-ref --format=%(refname)%00%(upstream:short)%00%(objectname)%00%(upstream:track)%00%(upstream:remotename)%00%(upstream:remoteref) refs/heads/feature-auth refs/remotes/feature-auth [1ms]
2024-05-07 10:02:32.182 [info] > git status -z -uall [5ms]
2024-05-07 10:02:37.194 [info] > git config --get commit.template [4ms]
2024-05-07 10:02:37.195 [info] > git for-each-ref --format=%(refname)%00%(upstream:short)%00%(objectname)%00%(upstream:track)%00%(upstream:remotename)%00%(upstream:remoteref) refs/heads/feature-auth refs/remotes/feature-auth [1ms]
2024-05-07 10:02:37.201 [info] > git status -z -uall [3ms]
2024-05-07 10:02:37.563 [info] > git show --textconv :apps/api/prisma/schema.prisma [6ms]
2024-05-07 10:02:37.564 [info] > git ls-files --stage -- /home/sdhz/Desktop/Purwadhika/MP-JCWD0310-02/apps/api/prisma/schema.prisma [1ms]
2024-05-07 10:02:37.568 [info] > git cat-file -s c92f6e98f77f85ab6fe38474bd2681b319d6b0fe [1ms]
2024-05-07 10:02:42.220 [info] > git config --get commit.template [8ms]
2024-05-07 10:02:42.221 [info] > git for-each-ref --format=%(refname)%00%(upstream:short)%00%(objectname)%00%(upstream:track)%00%(upstream:remotename)%00%(upstream:remoteref) refs/heads/feature-auth refs/remotes/feature-auth [1ms]
2024-05-07 10:02:42.231 [info] > git status -z -uall [4ms]
2024-05-07 10:02:47.253 [info] > git config --get commit.template [7ms]
2024-05-07 10:02:47.254 [info] > git for-each-ref --format=%(refname)%00%(upstream:short)%00%(objectname)%00%(upstream:track)%00%(upstream:remotename)%00%(upstream:remoteref) refs/heads/feature-auth refs/remotes/feature-auth [2ms]
2024-05-07 10:02:47.262 [info] > git status -z -uall [3ms]
2024-05-07 10:02:52.283 [info] > git config --get commit.template [7ms]
2024-05-07 10:02:52.284 [info] > git for-each-ref --format=%(refname)%00%(upstream:short)%00%(objectname)%00%(upstream:track)%00%(upstream:remotename)%00%(upstream:remoteref) refs/heads/feature-auth refs/remotes/feature-auth [2ms]
2024-05-07 10:02:52.295 [info] > git status -z -uall [5ms]
2024-05-07 10:02:57.323 [info] > git config --get commit.template [7ms]
2024-05-07 10:02:57.323 [info] > git for-each-ref --format=%(refname)%00%(upstream:short)%00%(objectname)%00%(upstream:track)%00%(upstream:remotename)%00%(upstream:remoteref) refs/heads/feature-auth refs/remotes/feature-auth [1ms]
2024-05-07 10:02:57.334 [info] > git status -z -uall [6ms]
2024-05-07 10:03:02.348 [info] > git config --get commit.template [1ms]
2024-05-07 10:03:02.353 [info] > git for-each-ref --format=%(refname)%00%(upstream:short)%00%(objectname)%00%(upstream:track)%00%(upstream:remotename)%00%(upstream:remoteref) refs/heads/feature-auth refs/remotes/feature-auth [0ms]
2024-05-07 10:03:02.359 [info] > git status -z -uall [3ms]
2024-05-07 10:03:07.381 [info] > git config --get commit.template [10ms]
2024-05-07 10:03:07.383 [info] > git for-each-ref --format=%(refname)%00%(upstream:short)%00%(objectname)%00%(upstream:track)%00%(upstream:remotename)%00%(upstream:remoteref) refs/heads/feature-auth refs/remotes/feature-auth [2ms]
2024-05-07 10:03:07.390 [info] > git status -z -uall [2ms]
2024-05-07 10:03:12.409 [info] > git config --get commit.template [5ms]
2024-05-07 10:03:12.410 [info] > git for-each-ref --format=%(refname)%00%(upstream:short)%00%(objectname)%00%(upstream:track)%00%(upstream:remotename)%00%(upstream:remoteref) refs/heads/feature-auth refs/remotes/feature-auth [1ms]
2024-05-07 10:03:12.417 [info] > git status -z -uall [2ms]
2024-05-07 10:03:17.438 [info] > git config --get commit.template [8ms]
2024-05-07 10:03:17.440 [info] > git for-each-ref --format=%(refname)%00%(upstream:short)%00%(objectname)%00%(upstream:track)%00%(upstream:remotename)%00%(upstream:remoteref) refs/heads/feature-auth refs/remotes/feature-auth [3ms]
2024-05-07 10:03:17.449 [info] > git status -z -uall [4ms]
2024-05-07 10:03:22.472 [info] > git config --get commit.template [7ms]
2024-05-07 10:03:22.473 [info] > git for-each-ref --format=%(refname)%00%(upstream:short)%00%(objectname)%00%(upstream:track)%00%(upstream:remotename)%00%(upstream:remoteref) refs/heads/feature-auth refs/remotes/feature-auth [2ms]
2024-05-07 10:03:22.482 [info] > git status -z -uall [4ms]
2024-05-07 10:03:27.497 [info] > git config --get commit.template [2ms]
2024-05-07 10:03:27.505 [info] > git for-each-ref --format=%(refname)%00%(upstream:short)%00%(objectname)%00%(upstream:track)%00%(upstream:remotename)%00%(upstream:remoteref) refs/heads/feature-auth refs/remotes/feature-auth [1ms]
2024-05-07 10:03:27.514 [info] > git status -z -uall [4ms]
2024-05-07 10:03:32.534 [info] > git config --get commit.template [1ms]
2024-05-07 10:03:32.541 [info] > git for-each-ref --format=%(refname)%00%(upstream:short)%00%(objectname)%00%(upstream:track)%00%(upstream:remotename)%00%(upstream:remoteref) refs/heads/feature-auth refs/remotes/feature-auth [2ms]
2024-05-07 10:03:32.550 [info] > git status -z -uall [3ms]
2024-05-07 10:03:36.431 [info] > git show --textconv :apps/api/src/services/auth/register.service.ts [6ms]
2024-05-07 10:03:36.432 [info] > git ls-files --stage -- /home/sdhz/Desktop/Purwadhika/MP-JCWD0310-02/apps/api/src/services/auth/register.service.ts [2ms]
2024-05-07 10:03:36.440 [info] > git cat-file -s 8b2f4a05f13af3f045322191c9639acadf51c953 [1ms]
2024-05-07 10:03:37.108 [info] > git show --textconv :apps/api/prisma/schema.prisma [7ms]
2024-05-07 10:03:37.110 [info] > git ls-files --stage -- /home/sdhz/Desktop/Purwadhika/MP-JCWD0310-02/apps/api/prisma/schema.prisma [3ms]
2024-05-07 10:03:37.117 [info] > git cat-file -s c92f6e98f77f85ab6fe38474bd2681b319d6b0fe [1ms]
2024-05-07 10:03:37.569 [info] > git config --get commit.template [6ms]
2024-05-07 10:03:37.570 [info] > git for-each-ref --format=%(refname)%00%(upstream:short)%00%(objectname)%00%(upstream:track)%00%(upstream:remotename)%00%(upstream:remoteref) refs/heads/feature-auth refs/remotes/feature-auth [2ms]
2024-05-07 10:03:37.579 [info] > git status -z -uall [5ms]
2024-05-07 10:03:42.594 [info] > git config --get commit.template [6ms]
2024-05-07 10:03:42.595 [info] > git for-each-ref --format=%(refname)%00%(upstream:short)%00%(objectname)%00%(upstream:track)%00%(upstream:remotename)%00%(upstream:remoteref) refs/heads/feature-auth refs/remotes/feature-auth [1ms]
2024-05-07 10:03:42.601 [info] > git status -z -uall [3ms]
2024-05-07 10:05:02.536 [info] > git config --get commit.template [8ms]
2024-05-07 10:05:02.537 [info] > git for-each-ref --format=%(refname)%00%(upstream:short)%00%(objectname)%00%(upstream:track)%00%(upstream:remotename)%00%(upstream:remoteref) refs/heads/feature-auth refs/remotes/feature-auth [1ms]
2024-05-07 10:05:02.543 [info] > git status -z -uall [2ms]
2024-05-07 10:05:07.568 [info] > git config --get commit.template [7ms]
2024-05-07 10:05:07.569 [info] > git for-each-ref --format=%(refname)%00%(upstream:short)%00%(objectname)%00%(upstream:track)%00%(upstream:remotename)%00%(upstream:remoteref) refs/heads/feature-auth refs/remotes/feature-auth [2ms]
2024-05-07 10:05:07.578 [info] > git status -z -uall [5ms]
2024-05-07 10:05:12.603 [info] > git config --get commit.template [10ms]
2024-05-07 10:05:12.604 [info] > git for-each-ref --format=%(refname)%00%(upstream:short)%00%(objectname)%00%(upstream:track)%00%(upstream:remotename)%00%(upstream:remoteref) refs/heads/feature-auth refs/remotes/feature-auth [2ms]
2024-05-07 10:05:12.611 [info] > git status -z -uall [4ms]
2024-05-07 10:05:17.624 [info] > git config --get commit.template [5ms]
2024-05-07 10:05:17.625 [info] > git for-each-ref --format=%(refname)%00%(upstream:short)%00%(objectname)%00%(upstream:track)%00%(upstream:remotename)%00%(upstream:remoteref) refs/heads/feature-auth refs/remotes/feature-auth [1ms]
2024-05-07 10:05:17.631 [info] > git status -z -uall [3ms]
2024-05-07 10:05:22.651 [info] > git config --get commit.template [7ms]
2024-05-07 10:05:22.652 [info] > git for-each-ref --format=%(refname)%00%(upstream:short)%00%(objectname)%00%(upstream:track)%00%(upstream:remotename)%00%(upstream:remoteref) refs/heads/feature-auth refs/remotes/feature-auth [1ms]
2024-05-07 10:05:22.660 [info] > git status -z -uall [4ms]
2024-05-07 10:05:26.904 [info] > git show --textconv :apps/api/src/services/auth/register.service.ts [6ms]
2024-05-07 10:05:26.905 [info] > git ls-files --stage -- /home/sdhz/Desktop/Purwadhika/MP-JCWD0310-02/apps/api/src/services/auth/register.service.ts [1ms]
2024-05-07 10:05:26.910 [info] > git cat-file -s 8b2f4a05f13af3f045322191c9639acadf51c953 [1ms]
2024-05-07 10:05:27.682 [info] > git config --get commit.template [8ms]
2024-05-07 10:05:27.683 [info] > git for-each-ref --format=%(refname)%00%(upstream:short)%00%(objectname)%00%(upstream:track)%00%(upstream:remotename)%00%(upstream:remoteref) refs/heads/feature-auth refs/remotes/feature-auth [2ms]
2024-05-07 10:05:27.690 [info] > git status -z -uall [2ms]
2024-05-07 10:05:32.713 [info] > git config --get commit.template [9ms]
2024-05-07 10:05:32.714 [info] > git for-each-ref --format=%(refname)%00%(upstream:short)%00%(objectname)%00%(upstream:track)%00%(upstream:remotename)%00%(upstream:remoteref) refs/heads/feature-auth refs/remotes/feature-auth [2ms]
2024-05-07 10:05:32.723 [info] > git status -z -uall [4ms]
2024-05-07 10:05:37.744 [info] > git config --get commit.template [7ms]
2024-05-07 10:05:37.745 [info] > git for-each-ref --format=%(refname)%00%(upstream:short)%00%(objectname)%00%(upstream:track)%00%(upstream:remotename)%00%(upstream:remoteref) refs/heads/feature-auth refs/remotes/feature-auth [2ms]
2024-05-07 10:05:37.752 [info] > git status -z -uall [4ms]
