["INFO" - 10:05:45 AM] Extension Name: esbenp.prettier-vscode.
["INFO" - 10:05:45 AM] Extension Version: 10.4.0.
["INFO" - 10:06:57 AM] Using config file at /home/sdhz/Desktop/Purwadhika/MP-JCWD0310-02/.prettierrc
["INFO" - 10:07:23 AM] Using config file at /home/sdhz/Desktop/Purwadhika/MP-JCWD0310-02/.prettierrc
["INFO" - 10:12:16 AM] Using config file at /home/sdhz/Desktop/Purwadhika/MP-JCWD0310-02/.prettierrc
["INFO" - 10:12:19 AM] Using config file at /home/sdhz/Desktop/Purwadhika/MP-JCWD0310-02/.prettierrc
["INFO" - 10:12:43 AM] Using config file at /home/sdhz/Desktop/Purwadhika/MP-JCWD0310-02/.prettierrc
["INFO" - 10:13:29 AM] Using config file at /home/sdhz/Desktop/Purwadhika/MP-JCWD0310-02/.prettierrc
["INFO" - 10:13:33 AM] Using config file at /home/sdhz/Desktop/Purwadhika/MP-JCWD0310-02/.prettierrc
["INFO" - 10:19:17 AM] Using config file at /home/sdhz/Desktop/Purwadhika/MP-JCWD0310-02/.prettierrc
["INFO" - 10:19:36 AM] Using config file at /home/sdhz/Desktop/Purwadhika/MP-JCWD0310-02/.prettierrc
["INFO" - 10:19:48 AM] Using config file at /home/sdhz/Desktop/Purwadhika/MP-JCWD0310-02/.prettierrc
["INFO" - 10:19:51 AM] Using config file at /home/sdhz/Desktop/Purwadhika/MP-JCWD0310-02/.prettierrc
["INFO" - 10:20:11 AM] Using config file at /home/sdhz/Desktop/Purwadhika/MP-JCWD0310-02/.prettierrc
["INFO" - 10:20:14 AM] Using config file at /home/sdhz/Desktop/Purwadhika/MP-JCWD0310-02/.prettierrc
["INFO" - 10:20:18 AM] Using config file at /home/sdhz/Desktop/Purwadhika/MP-JCWD0310-02/.prettierrc
["INFO" - 10:20:23 AM] Using config file at /home/sdhz/Desktop/Purwadhika/MP-JCWD0310-02/.prettierrc
["INFO" - 10:20:25 AM] Using config file at /home/sdhz/Desktop/Purwadhika/MP-JCWD0310-02/.prettierrc
["INFO" - 10:20:35 AM] Using config file at /home/sdhz/Desktop/Purwadhika/MP-JCWD0310-02/.prettierrc
["INFO" - 10:20:36 AM] Using config file at /home/sdhz/Desktop/Purwadhika/MP-JCWD0310-02/.prettierrc
["INFO" - 10:20:38 AM] Using config file at /home/sdhz/Desktop/Purwadhika/MP-JCWD0310-02/.prettierrc
["INFO" - 10:23:06 AM] Using config file at /home/sdhz/Desktop/Purwadhika/MP-JCWD0310-02/.prettierrc
["INFO" - 10:23:19 AM] Using config file at /home/sdhz/Desktop/Purwadhika/MP-JCWD0310-02/.prettierrc
["INFO" - 10:24:02 AM] Using config file at /home/sdhz/Desktop/Purwadhika/MP-JCWD0310-02/.prettierrc
["INFO" - 10:26:00 AM] Using config file at /home/sdhz/Desktop/Purwadhika/MP-JCWD0310-02/.prettierrc
["INFO" - 10:27:28 AM] Using config file at /home/sdhz/Desktop/Purwadhika/MP-JCWD0310-02/.prettierrc
["INFO" - 10:28:08 AM] Using config file at /home/sdhz/Desktop/Purwadhika/MP-JCWD0310-02/.prettierrc
["INFO" - 10:28:54 AM] Using config file at /home/sdhz/Desktop/Purwadhika/MP-JCWD0310-02/.prettierrc
["INFO" - 10:30:07 AM] Using config file at /home/sdhz/Desktop/Purwadhika/MP-JCWD0310-02/.prettierrc
["INFO" - 10:31:47 AM] Using config file at /home/sdhz/Desktop/Purwadhika/MP-JCWD0310-02/.prettierrc
["INFO" - 10:36:58 AM] Formatting file:///home/sdhz/Desktop/Purwadhika/MP-JCWD0310-02/apps/web/src/app/hooks/api/auth/useLogin.ts
["INFO" - 10:36:58 AM] Using config file at /home/sdhz/Desktop/Purwadhika/MP-JCWD0310-02/.prettierrc
["INFO" - 10:36:58 AM] PrettierInstance:
{
  "modulePath": "/home/sdhz/Desktop/Purwadhika/MP-JCWD0310-02/node_modules/prettier/index.cjs",
  "importResolver": {},
  "callMethodResolvers": {},
  "currentCallMethodId": 2,
  "version": "3.1.0"
}
["INFO" - 10:36:58 AM] Using ignore file (if present) at /home/sdhz/Desktop/Purwadhika/MP-JCWD0310-02/.prettierignore
["INFO" - 10:36:58 AM] File Info:
{
  "ignored": false,
  "inferredParser": "typescript"
}
["INFO" - 10:36:58 AM] Detected local configuration (i.e. .prettierrc or .editorconfig), VS Code configuration will not be used
["INFO" - 10:36:58 AM] Prettier Options:
{
  "filepath": "/home/sdhz/Desktop/Purwadhika/MP-JCWD0310-02/apps/web/src/app/hooks/api/auth/useLogin.ts",
  "parser": "typescript",
  "singleQuote": true,
  "trailingComma": "all"
}
["INFO" - 10:36:58 AM] Formatting completed in 164ms.
["INFO" - 10:37:00 AM] Formatting file:///home/sdhz/Desktop/Purwadhika/MP-JCWD0310-02/apps/web/src/app/hooks/api/auth/useLogin.ts
["INFO" - 10:37:00 AM] Using config file at /home/sdhz/Desktop/Purwadhika/MP-JCWD0310-02/.prettierrc
["INFO" - 10:37:00 AM] PrettierInstance:
{
  "modulePath": "/home/sdhz/Desktop/Purwadhika/MP-JCWD0310-02/node_modules/prettier/index.cjs",
  "importResolver": {},
  "callMethodResolvers": {},
  "currentCallMethodId": 6,
  "version": "3.1.0"
}
["INFO" - 10:37:00 AM] Using ignore file (if present) at /home/sdhz/Desktop/Purwadhika/MP-JCWD0310-02/.prettierignore
["INFO" - 10:37:00 AM] File Info:
{
  "ignored": false,
  "inferredParser": "typescript"
}
["INFO" - 10:37:00 AM] Detected local configuration (i.e. .prettierrc or .editorconfig), VS Code configuration will not be used
["INFO" - 10:37:00 AM] Prettier Options:
{
  "filepath": "/home/sdhz/Desktop/Purwadhika/MP-JCWD0310-02/apps/web/src/app/hooks/api/auth/useLogin.ts",
  "parser": "typescript",
  "singleQuote": true,
  "trailingComma": "all"
}
["INFO" - 10:37:00 AM] Formatting completed in 23ms.
["INFO" - 10:37:06 AM] Formatting file:///home/sdhz/Desktop/Purwadhika/MP-JCWD0310-02/apps/web/src/app/hooks/api/auth/useLogin.ts
["INFO" - 10:37:06 AM] Using config file at /home/sdhz/Desktop/Purwadhika/MP-JCWD0310-02/.prettierrc
["INFO" - 10:37:06 AM] PrettierInstance:
{
  "modulePath": "/home/sdhz/Desktop/Purwadhika/MP-JCWD0310-02/node_modules/prettier/index.cjs",
  "importResolver": {},
  "callMethodResolvers": {},
  "currentCallMethodId": 10,
  "version": "3.1.0"
}
["INFO" - 10:37:06 AM] Using ignore file (if present) at /home/sdhz/Desktop/Purwadhika/MP-JCWD0310-02/.prettierignore
["INFO" - 10:37:06 AM] File Info:
{
  "ignored": false,
  "inferredParser": "typescript"
}
["INFO" - 10:37:06 AM] Detected local configuration (i.e. .prettierrc or .editorconfig), VS Code configuration will not be used
["INFO" - 10:37:06 AM] Prettier Options:
{
  "filepath": "/home/sdhz/Desktop/Purwadhika/MP-JCWD0310-02/apps/web/src/app/hooks/api/auth/useLogin.ts",
  "parser": "typescript",
  "singleQuote": true,
  "trailingComma": "all"
}
["INFO" - 10:37:06 AM] Formatting completed in 26ms.
["INFO" - 10:37:11 AM] Using config file at /home/sdhz/Desktop/Purwadhika/MP-JCWD0310-02/.prettierrc
["INFO" - 10:37:35 AM] Using config file at /home/sdhz/Desktop/Purwadhika/MP-JCWD0310-02/.prettierrc
["INFO" - 10:37:35 AM] Using config file at /home/sdhz/Desktop/Purwadhika/MP-JCWD0310-02/.prettierrc
["INFO" - 10:37:42 AM] Using config file at /home/sdhz/Desktop/Purwadhika/MP-JCWD0310-02/.prettierrc
["INFO" - 10:37:45 AM] Using config file at /home/sdhz/Desktop/Purwadhika/MP-JCWD0310-02/.prettierrc
["INFO" - 10:38:04 AM] Using config file at /home/sdhz/Desktop/Purwadhika/MP-JCWD0310-02/.prettierrc
["INFO" - 10:38:05 AM] Using config file at /home/sdhz/Desktop/Purwadhika/MP-JCWD0310-02/.prettierrc
["INFO" - 10:38:15 AM] Formatting file:///home/sdhz/Desktop/Purwadhika/MP-JCWD0310-02/apps/web/src/app/lib/axios.ts
["INFO" - 10:38:15 AM] Using config file at /home/sdhz/Desktop/Purwadhika/MP-JCWD0310-02/.prettierrc
["INFO" - 10:38:15 AM] PrettierInstance:
{
  "modulePath": "/home/sdhz/Desktop/Purwadhika/MP-JCWD0310-02/node_modules/prettier/index.cjs",
  "importResolver": {},
  "callMethodResolvers": {},
  "currentCallMethodId": 5,
  "version": "3.1.0"
}
["INFO" - 10:38:15 AM] Using ignore file (if present) at /home/sdhz/Desktop/Purwadhika/MP-JCWD0310-02/.prettierignore
["INFO" - 10:38:15 AM] File Info:
{
  "ignored": false,
  "inferredParser": "typescript"
}
["INFO" - 10:38:15 AM] Detected local configuration (i.e. .prettierrc or .editorconfig), VS Code configuration will not be used
["INFO" - 10:38:15 AM] Prettier Options:
{
  "filepath": "/home/sdhz/Desktop/Purwadhika/MP-JCWD0310-02/apps/web/src/app/lib/axios.ts",
  "parser": "typescript",
  "singleQuote": true,
  "trailingComma": "all"
}
["INFO" - 10:38:15 AM] Formatting completed in 13ms.
["INFO" - 10:38:21 AM] Using config file at /home/sdhz/Desktop/Purwadhika/MP-JCWD0310-02/.prettierrc
["INFO" - 10:38:22 AM] Using config file at /home/sdhz/Desktop/Purwadhika/MP-JCWD0310-02/.prettierrc
["INFO" - 10:38:32 AM] Using config file at /home/sdhz/Desktop/Purwadhika/MP-JCWD0310-02/.prettierrc
["INFO" - 10:38:33 AM] Using config file at /home/sdhz/Desktop/Purwadhika/MP-JCWD0310-02/.prettierrc
["INFO" - 10:38:35 AM] Using config file at /home/sdhz/Desktop/Purwadhika/MP-JCWD0310-02/.prettierrc
["INFO" - 10:38:38 AM] Using config file at /home/sdhz/Desktop/Purwadhika/MP-JCWD0310-02/.prettierrc
["INFO" - 10:38:40 AM] Using config file at /home/sdhz/Desktop/Purwadhika/MP-JCWD0310-02/.prettierrc
