2024-05-07 10:05:45.105 [info] Started local extension host with pid 16342.
2024-05-07 10:05:47.756 [info] [perf] Render performance baseline is 20ms
2024-05-07 10:06:43.620 [error] Cannot read properties of undefined (reading 'accessToken'): TypeError: Cannot read properties of undefined (reading 'accessToken')
    at b.h (vscode-file://vscode-app/usr/share/code/resources/app/out/vs/workbench/workbench.desktop.main.js:1693:21270)
    at b.j (vscode-file://vscode-app/usr/share/code/resources/app/out/vs/workbench/workbench.desktop.main.js:1693:22006)
    at u.value (vscode-file://vscode-app/usr/share/code/resources/app/out/vs/workbench/workbench.desktop.main.js:1693:21027)
2024-05-07 10:36:58.078 [error] [Extension Host] (node:16342) MaxListenersExceededWarning: Possible EventEmitter memory leak detected. 11 message listeners added to [Worker]. Use emitter.setMaxListeners() to increase limit
(Use `exe --trace-warnings ...` to show where the warning was created)
2024-05-07 13:17:54.761 [info] Started local extension host with pid 26572.
2024-05-07 13:17:55.392 [error] Cannot read properties of undefined (reading 'accessToken'): TypeError: Cannot read properties of undefined (reading 'accessToken')
    at b.h (vscode-file://vscode-app/usr/share/code/resources/app/out/vs/workbench/workbench.desktop.main.js:1693:21270)
    at b.j (vscode-file://vscode-app/usr/share/code/resources/app/out/vs/workbench/workbench.desktop.main.js:1693:22006)
    at u.value (vscode-file://vscode-app/usr/share/code/resources/app/out/vs/workbench/workbench.desktop.main.js:1693:21027)
2024-05-07 13:17:57.598 [info] [perf] Render performance baseline is 17ms
2024-05-07 13:19:00.681 [info] Started local extension host with pid 26805.
2024-05-07 13:19:01.254 [error] Cannot read properties of undefined (reading 'accessToken'): TypeError: Cannot read properties of undefined (reading 'accessToken')
    at b.h (vscode-file://vscode-app/usr/share/code/resources/app/out/vs/workbench/workbench.desktop.main.js:1693:21270)
    at b.j (vscode-file://vscode-app/usr/share/code/resources/app/out/vs/workbench/workbench.desktop.main.js:1693:22006)
    at u.value (vscode-file://vscode-app/usr/share/code/resources/app/out/vs/workbench/workbench.desktop.main.js:1693:21027)
2024-05-07 13:19:03.539 [info] [perf] Render performance baseline is 18ms
2024-05-07 13:20:50.697 [info] Started local extension host with pid 27031.
2024-05-07 13:20:51.269 [error] Cannot read properties of undefined (reading 'accessToken'): TypeError: Cannot read properties of undefined (reading 'accessToken')
    at b.h (vscode-file://vscode-app/usr/share/code/resources/app/out/vs/workbench/workbench.desktop.main.js:1693:21270)
    at b.j (vscode-file://vscode-app/usr/share/code/resources/app/out/vs/workbench/workbench.desktop.main.js:1693:22006)
    at u.value (vscode-file://vscode-app/usr/share/code/resources/app/out/vs/workbench/workbench.desktop.main.js:1693:21027)
2024-05-07 13:20:53.708 [info] [perf] Render performance baseline is 20ms
2024-05-07 13:39:19.335 [error] Error: file:///home/sdhz/Desktop/Purwadhika/blog-next14/apps/api/src/services/blog/create-blog.service.ts has changed in the meantime
    at c.q (vscode-file://vscode-app/usr/share/code/resources/app/out/vs/workbench/workbench.desktop.main.js:798:2694)
    at c.apply (vscode-file://vscode-app/usr/share/code/resources/app/out/vs/workbench/workbench.desktop.main.js:798:3553)
    at f.o (vscode-file://vscode-app/usr/share/code/resources/app/out/vs/workbench/workbench.desktop.main.js:2370:24897)
    at f.perform (vscode-file://vscode-app/usr/share/code/resources/app/out/vs/workbench/workbench.desktop.main.js:2370:24362)
    at p.apply (vscode-file://vscode-app/usr/share/code/resources/app/out/vs/workbench/workbench.desktop.main.js:2370:26111)
    at S.$tryApplyWorkspaceEdit (vscode-file://vscode-app/usr/share/code/resources/app/out/vs/workbench/workbench.desktop.main.js:1656:14445)
    at f.S (vscode-file://vscode-app/usr/share/code/resources/app/out/vs/workbench/workbench.desktop.main.js:1623:13952)
    at f.Q (vscode-file://vscode-app/usr/share/code/resources/app/out/vs/workbench/workbench.desktop.main.js:1623:13718)
    at f.M (vscode-file://vscode-app/usr/share/code/resources/app/out/vs/workbench/workbench.desktop.main.js:1623:12811)
    at f.L (vscode-file://vscode-app/usr/share/code/resources/app/out/vs/workbench/workbench.desktop.main.js:1623:12029)
    at u.value (vscode-file://vscode-app/usr/share/code/resources/app/out/vs/workbench/workbench.desktop.main.js:1623:10677)
    at n.y (vscode-file://vscode-app/usr/share/code/resources/app/out/vs/workbench/workbench.desktop.main.js:89:659)
    at n.fire (vscode-file://vscode-app/usr/share/code/resources/app/out/vs/workbench/workbench.desktop.main.js:89:876)
    at s.fire (vscode-file://vscode-app/usr/share/code/resources/app/out/vs/workbench/workbench.desktop.main.js:628:14518)
    at q.onmessage (vscode-file://vscode-app/usr/share/code/resources/app/out/vs/workbench/workbench.desktop.main.js:1641:7954)
2024-05-07 13:39:19.336 [warning] IGNORING workspace edit: Error: file:///home/sdhz/Desktop/Purwadhika/blog-next14/apps/api/src/services/blog/create-blog.service.ts has changed in the meantime
2024-05-07 13:39:26.875 [error] <semantic> TypeScript Server Error (5.4.5)
Debug Failure. False expression: Expected position to be owned by a qualified name.
Error: Debug Failure. False expression: Expected position to be owned by a qualified name.
    at getQualifiedName (/usr/share/code/resources/app/extensions/node_modules/typescript/lib/tsserver.js:150969:9)
    at Object.getCodeActions (/usr/share/code/resources/app/extensions/node_modules/typescript/lib/tsserver.js:150952:27)
    at /usr/share/code/resources/app/extensions/node_modules/typescript/lib/tsserver.js:148588:46
    at flatMap (/usr/share/code/resources/app/extensions/node_modules/typescript/lib/tsserver.js:2609:17)
    at Object.getFixes (/usr/share/code/resources/app/extensions/node_modules/typescript/lib/tsserver.js:148588:10)
    at /usr/share/code/resources/app/extensions/node_modules/typescript/lib/tsserver.js:146859:33
    at flatMap (/usr/share/code/resources/app/extensions/node_modules/typescript/lib/tsserver.js:2609:17)
    at Object.getCodeFixesAtPosition (/usr/share/code/resources/app/extensions/node_modules/typescript/lib/tsserver.js:146857:12)
    at IpcIOSession.getCodeFixes (/usr/share/code/resources/app/extensions/node_modules/typescript/lib/tsserver.js:187265:50)
    at getCodeFixes (/usr/share/code/resources/app/extensions/node_modules/typescript/lib/tsserver.js:185371:43)
    at /usr/share/code/resources/app/extensions/node_modules/typescript/lib/tsserver.js:187569:69
    at IpcIOSession.executeWithRequestId (/usr/share/code/resources/app/extensions/node_modules/typescript/lib/tsserver.js:187561:14)
    at IpcIOSession.executeCommand (/usr/share/code/resources/app/extensions/node_modules/typescript/lib/tsserver.js:187569:29)
    at IpcIOSession.onMessage (/usr/share/code/resources/app/extensions/node_modules/typescript/lib/tsserver.js:187611:51)
    at process.<anonymous> (/usr/share/code/resources/app/extensions/node_modules/typescript/lib/tsserver.js:189220:14)
    at process.emit (node:events:517:28)
    at emit (node:internal/child_process:944:14)
    at process.processTicksAndRejections (node:internal/process/task_queues:83:21): Error: <semantic> TypeScript Server Error (5.4.5)
Debug Failure. False expression: Expected position to be owned by a qualified name.
Error: Debug Failure. False expression: Expected position to be owned by a qualified name.
    at getQualifiedName (/usr/share/code/resources/app/extensions/node_modules/typescript/lib/tsserver.js:150969:9)
    at Object.getCodeActions (/usr/share/code/resources/app/extensions/node_modules/typescript/lib/tsserver.js:150952:27)
    at /usr/share/code/resources/app/extensions/node_modules/typescript/lib/tsserver.js:148588:46
    at flatMap (/usr/share/code/resources/app/extensions/node_modules/typescript/lib/tsserver.js:2609:17)
    at Object.getFixes (/usr/share/code/resources/app/extensions/node_modules/typescript/lib/tsserver.js:148588:10)
    at /usr/share/code/resources/app/extensions/node_modules/typescript/lib/tsserver.js:146859:33
    at flatMap (/usr/share/code/resources/app/extensions/node_modules/typescript/lib/tsserver.js:2609:17)
    at Object.getCodeFixesAtPosition (/usr/share/code/resources/app/extensions/node_modules/typescript/lib/tsserver.js:146857:12)
    at IpcIOSession.getCodeFixes (/usr/share/code/resources/app/extensions/node_modules/typescript/lib/tsserver.js:187265:50)
    at getCodeFixes (/usr/share/code/resources/app/extensions/node_modules/typescript/lib/tsserver.js:185371:43)
    at /usr/share/code/resources/app/extensions/node_modules/typescript/lib/tsserver.js:187569:69
    at IpcIOSession.executeWithRequestId (/usr/share/code/resources/app/extensions/node_modules/typescript/lib/tsserver.js:187561:14)
    at IpcIOSession.executeCommand (/usr/share/code/resources/app/extensions/node_modules/typescript/lib/tsserver.js:187569:29)
    at IpcIOSession.onMessage (/usr/share/code/resources/app/extensions/node_modules/typescript/lib/tsserver.js:187611:51)
    at process.<anonymous> (/usr/share/code/resources/app/extensions/node_modules/typescript/lib/tsserver.js:189220:14)
    at process.emit (node:events:517:28)
    at emit (node:internal/child_process:944:14)
    at process.processTicksAndRejections (node:internal/process/task_queues:83:21)
	at n.create (/usr/share/code/resources/app/extensions/typescript-language-features/dist/extension.js:1:471001)
	at v.dispatchResponse (/usr/share/code/resources/app/extensions/typescript-language-features/dist/extension.js:1:464981)
	at v.dispatchMessage (/usr/share/code/resources/app/extensions/typescript-language-features/dist/extension.js:1:463835)
	at ChildProcess.<anonymous> (/usr/share/code/resources/app/extensions/typescript-language-features/dist/extension.js:1:463328)
	at ChildProcess.emit (node:events:517:28)
	at emit (node:internal/child_process:944:14)
	at process.processTicksAndRejections (node:internal/process/task_queues:83:21)
2024-05-07 13:39:31.516 [error] <semantic> TypeScript Server Error (5.4.5)
Debug Failure. False expression: Expected position to be owned by a qualified name.
Error: Debug Failure. False expression: Expected position to be owned by a qualified name.
    at getQualifiedName (/usr/share/code/resources/app/extensions/node_modules/typescript/lib/tsserver.js:150969:9)
    at Object.getCodeActions (/usr/share/code/resources/app/extensions/node_modules/typescript/lib/tsserver.js:150952:27)
    at /usr/share/code/resources/app/extensions/node_modules/typescript/lib/tsserver.js:148588:46
    at flatMap (/usr/share/code/resources/app/extensions/node_modules/typescript/lib/tsserver.js:2609:17)
    at Object.getFixes (/usr/share/code/resources/app/extensions/node_modules/typescript/lib/tsserver.js:148588:10)
    at /usr/share/code/resources/app/extensions/node_modules/typescript/lib/tsserver.js:146859:33
    at flatMap (/usr/share/code/resources/app/extensions/node_modules/typescript/lib/tsserver.js:2609:17)
    at Object.getCodeFixesAtPosition (/usr/share/code/resources/app/extensions/node_modules/typescript/lib/tsserver.js:146857:12)
    at IpcIOSession.getCodeFixes (/usr/share/code/resources/app/extensions/node_modules/typescript/lib/tsserver.js:187265:50)
    at getCodeFixes (/usr/share/code/resources/app/extensions/node_modules/typescript/lib/tsserver.js:185371:43)
    at /usr/share/code/resources/app/extensions/node_modules/typescript/lib/tsserver.js:187569:69
    at IpcIOSession.executeWithRequestId (/usr/share/code/resources/app/extensions/node_modules/typescript/lib/tsserver.js:187561:14)
    at IpcIOSession.executeCommand (/usr/share/code/resources/app/extensions/node_modules/typescript/lib/tsserver.js:187569:29)
    at IpcIOSession.onMessage (/usr/share/code/resources/app/extensions/node_modules/typescript/lib/tsserver.js:187611:51)
    at process.<anonymous> (/usr/share/code/resources/app/extensions/node_modules/typescript/lib/tsserver.js:189220:14)
    at process.emit (node:events:517:28)
    at emit (node:internal/child_process:944:14)
    at process.processTicksAndRejections (node:internal/process/task_queues:83:21): Error: <semantic> TypeScript Server Error (5.4.5)
Debug Failure. False expression: Expected position to be owned by a qualified name.
Error: Debug Failure. False expression: Expected position to be owned by a qualified name.
    at getQualifiedName (/usr/share/code/resources/app/extensions/node_modules/typescript/lib/tsserver.js:150969:9)
    at Object.getCodeActions (/usr/share/code/resources/app/extensions/node_modules/typescript/lib/tsserver.js:150952:27)
    at /usr/share/code/resources/app/extensions/node_modules/typescript/lib/tsserver.js:148588:46
    at flatMap (/usr/share/code/resources/app/extensions/node_modules/typescript/lib/tsserver.js:2609:17)
    at Object.getFixes (/usr/share/code/resources/app/extensions/node_modules/typescript/lib/tsserver.js:148588:10)
    at /usr/share/code/resources/app/extensions/node_modules/typescript/lib/tsserver.js:146859:33
    at flatMap (/usr/share/code/resources/app/extensions/node_modules/typescript/lib/tsserver.js:2609:17)
    at Object.getCodeFixesAtPosition (/usr/share/code/resources/app/extensions/node_modules/typescript/lib/tsserver.js:146857:12)
    at IpcIOSession.getCodeFixes (/usr/share/code/resources/app/extensions/node_modules/typescript/lib/tsserver.js:187265:50)
    at getCodeFixes (/usr/share/code/resources/app/extensions/node_modules/typescript/lib/tsserver.js:185371:43)
    at /usr/share/code/resources/app/extensions/node_modules/typescript/lib/tsserver.js:187569:69
    at IpcIOSession.executeWithRequestId (/usr/share/code/resources/app/extensions/node_modules/typescript/lib/tsserver.js:187561:14)
    at IpcIOSession.executeCommand (/usr/share/code/resources/app/extensions/node_modules/typescript/lib/tsserver.js:187569:29)
    at IpcIOSession.onMessage (/usr/share/code/resources/app/extensions/node_modules/typescript/lib/tsserver.js:187611:51)
    at process.<anonymous> (/usr/share/code/resources/app/extensions/node_modules/typescript/lib/tsserver.js:189220:14)
    at process.emit (node:events:517:28)
    at emit (node:internal/child_process:944:14)
    at process.processTicksAndRejections (node:internal/process/task_queues:83:21)
	at n.create (/usr/share/code/resources/app/extensions/typescript-language-features/dist/extension.js:1:471001)
	at v.dispatchResponse (/usr/share/code/resources/app/extensions/typescript-language-features/dist/extension.js:1:464981)
	at v.dispatchMessage (/usr/share/code/resources/app/extensions/typescript-language-features/dist/extension.js:1:463835)
	at ChildProcess.<anonymous> (/usr/share/code/resources/app/extensions/typescript-language-features/dist/extension.js:1:463328)
	at ChildProcess.emit (node:events:517:28)
	at emit (node:internal/child_process:944:14)
	at process.processTicksAndRejections (node:internal/process/task_queues:83:21)
2024-05-07 15:14:15.597 [error] Error: file:///home/sdhz/Desktop/Purwadhika/blog-next14/apps/web/src/app/write/page.tsx has changed in the meantime
    at c.q (vscode-file://vscode-app/usr/share/code/resources/app/out/vs/workbench/workbench.desktop.main.js:798:2694)
    at c.apply (vscode-file://vscode-app/usr/share/code/resources/app/out/vs/workbench/workbench.desktop.main.js:798:3553)
    at f.o (vscode-file://vscode-app/usr/share/code/resources/app/out/vs/workbench/workbench.desktop.main.js:2370:24897)
    at f.perform (vscode-file://vscode-app/usr/share/code/resources/app/out/vs/workbench/workbench.desktop.main.js:2370:24362)
    at p.apply (vscode-file://vscode-app/usr/share/code/resources/app/out/vs/workbench/workbench.desktop.main.js:2370:26111)
    at S.$tryApplyWorkspaceEdit (vscode-file://vscode-app/usr/share/code/resources/app/out/vs/workbench/workbench.desktop.main.js:1656:14445)
    at f.S (vscode-file://vscode-app/usr/share/code/resources/app/out/vs/workbench/workbench.desktop.main.js:1623:13952)
    at f.Q (vscode-file://vscode-app/usr/share/code/resources/app/out/vs/workbench/workbench.desktop.main.js:1623:13718)
    at f.M (vscode-file://vscode-app/usr/share/code/resources/app/out/vs/workbench/workbench.desktop.main.js:1623:12811)
    at f.L (vscode-file://vscode-app/usr/share/code/resources/app/out/vs/workbench/workbench.desktop.main.js:1623:12029)
    at u.value (vscode-file://vscode-app/usr/share/code/resources/app/out/vs/workbench/workbench.desktop.main.js:1623:10677)
    at n.y (vscode-file://vscode-app/usr/share/code/resources/app/out/vs/workbench/workbench.desktop.main.js:89:659)
    at n.fire (vscode-file://vscode-app/usr/share/code/resources/app/out/vs/workbench/workbench.desktop.main.js:89:876)
    at s.fire (vscode-file://vscode-app/usr/share/code/resources/app/out/vs/workbench/workbench.desktop.main.js:628:14518)
    at q.onmessage (vscode-file://vscode-app/usr/share/code/resources/app/out/vs/workbench/workbench.desktop.main.js:1641:7954)
2024-05-07 15:14:15.598 [warning] IGNORING workspace edit: Error: file:///home/sdhz/Desktop/Purwadhika/blog-next14/apps/web/src/app/write/page.tsx has changed in the meantime
2024-05-07 15:36:25.459 [error] <semantic> TypeScript Server Error (5.4.5)
Debug Failure. Expected 2 < 2. 
Error: Debug Failure. Expected 2 < 2. 
    at getArgumentOrParameterListInfo (/usr/share/code/resources/app/extensions/node_modules/typescript/lib/tsserver.js:169136:11)
    at getImmediatelyContainingArgumentInfo (/usr/share/code/resources/app/extensions/node_modules/typescript/lib/tsserver.js:169153:18)
    at getImmediatelyContainingArgumentOrContextualParameterInfo (/usr/share/code/resources/app/extensions/node_modules/typescript/lib/tsserver.js:169211:70)
    at getContainingArgumentInfo (/usr/share/code/resources/app/extensions/node_modules/typescript/lib/tsserver.js:169384:26)
    at Object.getSignatureHelpItems (/usr/share/code/resources/app/extensions/node_modules/typescript/lib/tsserver.js:169027:24)
    at Object.getSignatureHelpItems2 [as getSignatureHelpItems] (/usr/share/code/resources/app/extensions/node_modules/typescript/lib/tsserver.js:146724:37)
    at IpcIOSession.getSignatureHelpItems (/usr/share/code/resources/app/extensions/node_modules/typescript/lib/tsserver.js:186932:52)
    at signatureHelp (/usr/share/code/resources/app/extensions/node_modules/typescript/lib/tsserver.js:185204:43)
    at /usr/share/code/resources/app/extensions/node_modules/typescript/lib/tsserver.js:187569:69
    at IpcIOSession.executeWithRequestId (/usr/share/code/resources/app/extensions/node_modules/typescript/lib/tsserver.js:187561:14)
    at IpcIOSession.executeCommand (/usr/share/code/resources/app/extensions/node_modules/typescript/lib/tsserver.js:187569:29)
    at IpcIOSession.onMessage (/usr/share/code/resources/app/extensions/node_modules/typescript/lib/tsserver.js:187611:51)
    at process.<anonymous> (/usr/share/code/resources/app/extensions/node_modules/typescript/lib/tsserver.js:189220:14)
    at process.emit (node:events:517:28)
    at emit (node:internal/child_process:944:14)
    at process.processTicksAndRejections (node:internal/process/task_queues:83:21): Error: <semantic> TypeScript Server Error (5.4.5)
Debug Failure. Expected 2 < 2. 
Error: Debug Failure. Expected 2 < 2. 
    at getArgumentOrParameterListInfo (/usr/share/code/resources/app/extensions/node_modules/typescript/lib/tsserver.js:169136:11)
    at getImmediatelyContainingArgumentInfo (/usr/share/code/resources/app/extensions/node_modules/typescript/lib/tsserver.js:169153:18)
    at getImmediatelyContainingArgumentOrContextualParameterInfo (/usr/share/code/resources/app/extensions/node_modules/typescript/lib/tsserver.js:169211:70)
    at getContainingArgumentInfo (/usr/share/code/resources/app/extensions/node_modules/typescript/lib/tsserver.js:169384:26)
    at Object.getSignatureHelpItems (/usr/share/code/resources/app/extensions/node_modules/typescript/lib/tsserver.js:169027:24)
    at Object.getSignatureHelpItems2 [as getSignatureHelpItems] (/usr/share/code/resources/app/extensions/node_modules/typescript/lib/tsserver.js:146724:37)
    at IpcIOSession.getSignatureHelpItems (/usr/share/code/resources/app/extensions/node_modules/typescript/lib/tsserver.js:186932:52)
    at signatureHelp (/usr/share/code/resources/app/extensions/node_modules/typescript/lib/tsserver.js:185204:43)
    at /usr/share/code/resources/app/extensions/node_modules/typescript/lib/tsserver.js:187569:69
    at IpcIOSession.executeWithRequestId (/usr/share/code/resources/app/extensions/node_modules/typescript/lib/tsserver.js:187561:14)
    at IpcIOSession.executeCommand (/usr/share/code/resources/app/extensions/node_modules/typescript/lib/tsserver.js:187569:29)
    at IpcIOSession.onMessage (/usr/share/code/resources/app/extensions/node_modules/typescript/lib/tsserver.js:187611:51)
    at process.<anonymous> (/usr/share/code/resources/app/extensions/node_modules/typescript/lib/tsserver.js:189220:14)
    at process.emit (node:events:517:28)
    at emit (node:internal/child_process:944:14)
    at process.processTicksAndRejections (node:internal/process/task_queues:83:21)
	at n.create (/usr/share/code/resources/app/extensions/typescript-language-features/dist/extension.js:1:471001)
	at v.dispatchResponse (/usr/share/code/resources/app/extensions/typescript-language-features/dist/extension.js:1:464981)
	at v.dispatchMessage (/usr/share/code/resources/app/extensions/typescript-language-features/dist/extension.js:1:463835)
	at ChildProcess.<anonymous> (/usr/share/code/resources/app/extensions/typescript-language-features/dist/extension.js:1:463328)
	at ChildProcess.emit (node:events:517:28)
	at emit (node:internal/child_process:944:14)
	at process.processTicksAndRejections (node:internal/process/task_queues:83:21)
2024-05-07 15:45:35.616 [error] Error: file:///home/sdhz/Desktop/Purwadhika/blog-next14/apps/web/src/components/ui/PreviewImage.tsx has changed in the meantime
    at c.q (vscode-file://vscode-app/usr/share/code/resources/app/out/vs/workbench/workbench.desktop.main.js:798:2694)
    at c.apply (vscode-file://vscode-app/usr/share/code/resources/app/out/vs/workbench/workbench.desktop.main.js:798:3553)
    at f.o (vscode-file://vscode-app/usr/share/code/resources/app/out/vs/workbench/workbench.desktop.main.js:2370:24897)
    at f.perform (vscode-file://vscode-app/usr/share/code/resources/app/out/vs/workbench/workbench.desktop.main.js:2370:24362)
    at p.apply (vscode-file://vscode-app/usr/share/code/resources/app/out/vs/workbench/workbench.desktop.main.js:2370:26111)
    at S.$tryApplyWorkspaceEdit (vscode-file://vscode-app/usr/share/code/resources/app/out/vs/workbench/workbench.desktop.main.js:1656:14445)
    at f.S (vscode-file://vscode-app/usr/share/code/resources/app/out/vs/workbench/workbench.desktop.main.js:1623:13952)
    at f.Q (vscode-file://vscode-app/usr/share/code/resources/app/out/vs/workbench/workbench.desktop.main.js:1623:13718)
    at f.M (vscode-file://vscode-app/usr/share/code/resources/app/out/vs/workbench/workbench.desktop.main.js:1623:12811)
    at f.L (vscode-file://vscode-app/usr/share/code/resources/app/out/vs/workbench/workbench.desktop.main.js:1623:12029)
    at u.value (vscode-file://vscode-app/usr/share/code/resources/app/out/vs/workbench/workbench.desktop.main.js:1623:10677)
    at n.y (vscode-file://vscode-app/usr/share/code/resources/app/out/vs/workbench/workbench.desktop.main.js:89:659)
    at n.fire (vscode-file://vscode-app/usr/share/code/resources/app/out/vs/workbench/workbench.desktop.main.js:89:876)
    at s.fire (vscode-file://vscode-app/usr/share/code/resources/app/out/vs/workbench/workbench.desktop.main.js:628:14518)
    at q.onmessage (vscode-file://vscode-app/usr/share/code/resources/app/out/vs/workbench/workbench.desktop.main.js:1641:7954)
2024-05-07 15:45:35.616 [warning] IGNORING workspace edit: Error: file:///home/sdhz/Desktop/Purwadhika/blog-next14/apps/web/src/components/ui/PreviewImage.tsx has changed in the meantime
