2024-05-07 10:05:45.054 [info] Added views:workbench.panel.markers.view in workbench.panel.markers
2024-05-07 10:05:45.054 [info] Added views:workbench.panel.output in workbench.panel.output
2024-05-07 10:05:45.054 [info] Added views:terminal in terminal
2024-05-07 10:05:45.054 [info] Added views:outline in workbench.view.explorer
2024-05-07 10:05:45.054 [info] Added views:workbench.scm in workbench.view.scm
2024-05-07 10:05:45.054 [info] Added views:workbench.view.search in workbench.view.search
2024-05-07 10:05:45.054 [info] Added views:timeline in workbench.view.explorer
2024-05-07 10:05:45.054 [info] Added views:workbench.explorer.fileView in workbench.view.explorer
2024-05-07 10:05:45.325 [info] Added views:workbench.debug.variablesView,workbench.debug.watchExpressionsView,workbench.debug.callStackView,workbench.debug.breakPointsView in workbench.view.debug
2024-05-07 10:05:45.361 [info] Added views:workbench.panel.repl.view in workbench.panel.repl
2024-05-07 10:05:45.362 [info] Removed views:workbench.debug.breakPointsView,workbench.debug.callStackView,workbench.debug.watchExpressionsView,workbench.debug.variablesView from workbench.view.debug
2024-05-07 10:05:45.363 [info] Added views:workbench.debug.welcome in workbench.view.debug
2024-05-07 10:05:45.398 [info] Added views:~remote.forwardedPorts in ~remote.forwardedPortsContainer
2024-05-07 13:17:54.701 [info] Added views:workbench.panel.markers.view in workbench.panel.markers
2024-05-07 13:17:54.701 [info] Added views:workbench.panel.output in workbench.panel.output
2024-05-07 13:17:54.701 [info] Added views:terminal in terminal
2024-05-07 13:17:54.701 [info] Added views:outline in workbench.view.explorer
2024-05-07 13:17:54.701 [info] Added views:workbench.scm in workbench.view.scm
2024-05-07 13:17:54.701 [info] Added views:workbench.view.search in workbench.view.search
2024-05-07 13:17:54.701 [info] Added views:timeline in workbench.view.explorer
2024-05-07 13:17:54.701 [info] Added views:workbench.explorer.fileView in workbench.view.explorer
2024-05-07 13:17:54.990 [info] Added views:workbench.debug.variablesView,workbench.debug.watchExpressionsView,workbench.debug.callStackView,workbench.debug.breakPointsView in workbench.view.debug
2024-05-07 13:17:55.016 [info] Added views:workbench.panel.repl.view in workbench.panel.repl
2024-05-07 13:17:55.016 [info] Removed views:workbench.debug.breakPointsView,workbench.debug.callStackView,workbench.debug.watchExpressionsView,workbench.debug.variablesView from workbench.view.debug
2024-05-07 13:17:55.016 [info] Added views:workbench.debug.welcome in workbench.view.debug
2024-05-07 13:17:55.183 [info] Added views:~remote.forwardedPorts in ~remote.forwardedPortsContainer
2024-05-07 13:19:00.614 [info] Added views:workbench.panel.markers.view in workbench.panel.markers
2024-05-07 13:19:00.614 [info] Added views:workbench.panel.output in workbench.panel.output
2024-05-07 13:19:00.614 [info] Added views:terminal in terminal
2024-05-07 13:19:00.614 [info] Added views:outline in workbench.view.explorer
2024-05-07 13:19:00.614 [info] Added views:workbench.scm in workbench.view.scm
2024-05-07 13:19:00.614 [info] Added views:workbench.view.search in workbench.view.search
2024-05-07 13:19:00.614 [info] Added views:timeline in workbench.view.explorer
2024-05-07 13:19:00.614 [info] Added views:workbench.explorer.fileView in workbench.view.explorer
2024-05-07 13:19:00.888 [info] Added views:workbench.debug.variablesView,workbench.debug.watchExpressionsView,workbench.debug.callStackView,workbench.debug.breakPointsView in workbench.view.debug
2024-05-07 13:19:00.898 [info] Added views:workbench.panel.repl.view in workbench.panel.repl
2024-05-07 13:19:00.899 [info] Removed views:workbench.debug.breakPointsView,workbench.debug.callStackView,workbench.debug.watchExpressionsView,workbench.debug.variablesView from workbench.view.debug
2024-05-07 13:19:00.899 [info] Added views:workbench.debug.welcome in workbench.view.debug
2024-05-07 13:19:01.030 [info] Added views:~remote.forwardedPorts in ~remote.forwardedPortsContainer
2024-05-07 13:20:50.629 [info] Added views:workbench.panel.markers.view in workbench.panel.markers
2024-05-07 13:20:50.629 [info] Added views:workbench.panel.output in workbench.panel.output
2024-05-07 13:20:50.629 [info] Added views:terminal in terminal
2024-05-07 13:20:50.629 [info] Added views:outline in workbench.view.explorer
2024-05-07 13:20:50.629 [info] Added views:workbench.scm in workbench.view.scm
2024-05-07 13:20:50.629 [info] Added views:workbench.view.search in workbench.view.search
2024-05-07 13:20:50.629 [info] Added views:timeline in workbench.view.explorer
2024-05-07 13:20:50.629 [info] Added views:workbench.explorer.fileView in workbench.view.explorer
2024-05-07 13:20:50.833 [info] Added views:workbench.debug.welcome in workbench.view.debug
2024-05-07 13:20:50.878 [info] Added views:~remote.forwardedPorts in ~remote.forwardedPortsContainer
2024-05-07 13:20:50.936 [info] Added views:workbench.panel.repl.view in workbench.panel.repl
