2024-05-07 10:01:17.995 [info] Added views:workbench.panel.markers.view in workbench.panel.markers
2024-05-07 10:01:17.995 [info] Added views:workbench.panel.output in workbench.panel.output
2024-05-07 10:01:17.995 [info] Added views:terminal in terminal
2024-05-07 10:01:17.995 [info] Added views:outline in workbench.view.explorer
2024-05-07 10:01:17.995 [info] Added views:workbench.scm in workbench.view.scm
2024-05-07 10:01:17.995 [info] Added views:workbench.view.search in workbench.view.search
2024-05-07 10:01:17.995 [info] Added views:timeline in workbench.view.explorer
2024-05-07 10:01:17.995 [info] Added views:workbench.explorer.emptyView in workbench.view.explorer
2024-05-07 10:01:18.078 [info] Added views:workbench.debug.variablesView,workbench.debug.watchExpressionsView,workbench.debug.callStackView,workbench.debug.breakPointsView in workbench.view.debug
2024-05-07 10:01:18.426 [info] Added views:~remote.forwardedPorts in ~remote.forwardedPortsContainer
2024-05-07 10:01:18.477 [info] Added views:workbench.panel.repl.view in workbench.panel.repl
2024-05-07 10:01:18.478 [info] Removed views:workbench.debug.breakPointsView,workbench.debug.callStackView,workbench.debug.watchExpressionsView,workbench.debug.variablesView from workbench.view.debug
2024-05-07 10:01:18.479 [info] Added views:workbench.debug.welcome in workbench.view.debug
2024-05-07 10:01:29.364 [info] Added views:workbench.panel.markers.view in workbench.panel.markers
2024-05-07 10:01:29.364 [info] Added views:workbench.panel.output in workbench.panel.output
2024-05-07 10:01:29.364 [info] Added views:terminal in terminal
2024-05-07 10:01:29.364 [info] Added views:outline in workbench.view.explorer
2024-05-07 10:01:29.364 [info] Added views:workbench.scm in workbench.view.scm
2024-05-07 10:01:29.364 [info] Added views:workbench.view.search in workbench.view.search
2024-05-07 10:01:29.364 [info] Added views:timeline in workbench.view.explorer
2024-05-07 10:01:29.364 [info] Added views:workbench.explorer.fileView in workbench.view.explorer
2024-05-07 10:01:29.606 [info] Added views:workbench.debug.variablesView,workbench.debug.watchExpressionsView,workbench.debug.callStackView,workbench.debug.breakPointsView in workbench.view.debug
2024-05-07 10:01:29.700 [info] Added views:~remote.forwardedPorts in ~remote.forwardedPortsContainer
2024-05-07 10:01:29.703 [info] Added views:workbench.panel.repl.view in workbench.panel.repl
2024-05-07 10:01:29.703 [info] Removed views:workbench.debug.breakPointsView,workbench.debug.callStackView,workbench.debug.watchExpressionsView,workbench.debug.variablesView from workbench.view.debug
2024-05-07 10:01:29.704 [info] Added views:workbench.debug.welcome in workbench.view.debug
2024-05-07 10:01:33.655 [info] Added views:workbench.views.extensions.installed,workbench.views.extensions.popular,extensions.recommendedList in workbench.view.extensions
2024-05-07 10:01:33.658 [info] Removed views:workbench.views.extensions.popular from workbench.view.extensions
