[Info  - 1:22:07 PM] Default version of Prisma 'prisma-schema-wasm': b9a39a7ee606c28e3455d0fd60e78c3ba82b1a2b
[Info  - 1:22:07 PM] Extension name @prisma/language-server with version 5.13.1
[Info  - 1:22:07 PM] Prisma Engines version: 5.13.0-23.b9a39a7ee606c28e3455d0fd60e78c3ba82b1a2b
[Info  - 1:22:07 PM] Prisma CLI version: 5.13.0
running lint() from prisma-schema-wasm
running lint() from prisma-schema-wasm
running lint() from prisma-schema-wasm
running lint() from prisma-schema-wasm
running lint() from prisma-schema-wasm
running lint() from prisma-schema-wasm
running lint() from prisma-schema-wasm
running lint() from prisma-schema-wasm
running lint() from prisma-schema-wasm
running lint() from prisma-schema-wasm
running lint() from prisma-schema-wasm
running lint() from prisma-schema-wasm
running lint() from prisma-schema-wasm
running lint() from prisma-schema-wasm
running lint() from prisma-schema-wasm
running lint() from prisma-schema-wasm
running lint() from prisma-schema-wasm
running lint() from prisma-schema-wasm
running lint() from prisma-schema-wasm
running lint() from prisma-schema-wasm
running lint() from prisma-schema-wasm
running lint() from prisma-schema-wasm
running lint() from prisma-schema-wasm
running lint() from prisma-schema-wasm
Did not receive any native type suggestions from prisma-schema-wasm call.
running lint() from prisma-schema-wasm
running lint() from prisma-schema-wasm
running lint() from prisma-schema-wasm
Did not receive any native type suggestions from prisma-schema-wasm call.
running lint() from prisma-schema-wasm
running lint() from prisma-schema-wasm
running lint() from prisma-schema-wasm
running lint() from prisma-schema-wasm
running lint() from prisma-schema-wasm
running lint() from prisma-schema-wasm
running lint() from prisma-schema-wasm
running lint() from prisma-schema-wasm
running lint() from prisma-schema-wasm
running lint() from prisma-schema-wasm
running lint() from prisma-schema-wasm
running lint() from prisma-schema-wasm
running lint() from prisma-schema-wasm
running lint() from prisma-schema-wasm
running lint() from prisma-schema-wasm
running lint() from prisma-schema-wasm
running lint() from prisma-schema-wasm
running lint() from prisma-schema-wasm
running lint() from prisma-schema-wasm
running lint() from prisma-schema-wasm
running lint() from prisma-schema-wasm
running lint() from prisma-schema-wasm
running lint() from prisma-schema-wasm
running lint() from prisma-schema-wasm
running lint() from prisma-schema-wasm
running lint() from prisma-schema-wasm
running lint() from prisma-schema-wasm
running lint() from prisma-schema-wasm
running lint() from prisma-schema-wasm
running lint() from prisma-schema-wasm
running lint() from prisma-schema-wasm
running lint() from prisma-schema-wasm
running lint() from prisma-schema-wasm
running lint() from prisma-schema-wasm
running lint() from prisma-schema-wasm
Did not receive any native type suggestions from prisma-schema-wasm call.
running lint() from prisma-schema-wasm
running lint() from prisma-schema-wasm
running lint() from prisma-schema-wasm
Did not receive any native type suggestions from prisma-schema-wasm call.
running lint() from prisma-schema-wasm
running lint() from prisma-schema-wasm
running lint() from prisma-schema-wasm
running lint() from prisma-schema-wasm
running lint() from prisma-schema-wasm
running lint() from prisma-schema-wasm
running lint() from prisma-schema-wasm
running lint() from prisma-schema-wasm
running lint() from prisma-schema-wasm
running lint() from prisma-schema-wasm
running lint() from prisma-schema-wasm
running lint() from prisma-schema-wasm
running lint() from prisma-schema-wasm
running lint() from prisma-schema-wasm
running lint() from prisma-schema-wasm
running lint() from prisma-schema-wasm
running lint() from prisma-schema-wasm
running lint() from prisma-schema-wasm
running lint() from prisma-schema-wasm
running lint() from prisma-schema-wasm
running lint() from prisma-schema-wasm
running lint() from prisma-schema-wasm
running lint() from prisma-schema-wasm
running lint() from prisma-schema-wasm
running lint() from prisma-schema-wasm
running lint() from prisma-schema-wasm
running lint() from prisma-schema-wasm
running lint() from prisma-schema-wasm
running lint() from prisma-schema-wasm
running lint() from prisma-schema-wasm
running lint() from prisma-schema-wasm
running lint() from prisma-schema-wasm
running lint() from prisma-schema-wasm
running lint() from prisma-schema-wasm
Did not receive any native type suggestions from prisma-schema-wasm call.
running lint() from prisma-schema-wasm
running lint() from prisma-schema-wasm
running lint() from prisma-schema-wasm
running lint() from prisma-schema-wasm
running lint() from prisma-schema-wasm
running lint() from prisma-schema-wasm
running lint() from prisma-schema-wasm
running lint() from prisma-schema-wasm
running lint() from prisma-schema-wasm
running lint() from prisma-schema-wasm
running lint() from prisma-schema-wasm
running lint() from prisma-schema-wasm
running lint() from prisma-schema-wasm
running lint() from prisma-schema-wasm
running lint() from prisma-schema-wasm
running lint() from prisma-schema-wasm
running lint() from prisma-schema-wasm
running lint() from prisma-schema-wasm
running lint() from prisma-schema-wasm
running lint() from prisma-schema-wasm
running lint() from prisma-schema-wasm
running format() from prisma-schema-wasm
running lint() from prisma-schema-wasm
running lint() from prisma-schema-wasm
running lint() from prisma-schema-wasm
running lint() from prisma-schema-wasm
running lint() from prisma-schema-wasm
running lint() from prisma-schema-wasm
running lint() from prisma-schema-wasm
running lint() from prisma-schema-wasm
running lint() from prisma-schema-wasm
running lint() from prisma-schema-wasm
running lint() from prisma-schema-wasm
running lint() from prisma-schema-wasm
running lint() from prisma-schema-wasm
running lint() from prisma-schema-wasm
running format() from prisma-schema-wasm
running lint() from prisma-schema-wasm
running lint() from prisma-schema-wasm
running lint() from prisma-schema-wasm
running lint() from prisma-schema-wasm
running lint() from prisma-schema-wasm
running lint() from prisma-schema-wasm
running lint() from prisma-schema-wasm
running lint() from prisma-schema-wasm
running lint() from prisma-schema-wasm
running lint() from prisma-schema-wasm
running lint() from prisma-schema-wasm
running lint() from prisma-schema-wasm
running lint() from prisma-schema-wasm
running lint() from prisma-schema-wasm
running lint() from prisma-schema-wasm
running lint() from prisma-schema-wasm
running lint() from prisma-schema-wasm
running lint() from prisma-schema-wasm
running lint() from prisma-schema-wasm
running lint() from prisma-schema-wasm
running lint() from prisma-schema-wasm
running lint() from prisma-schema-wasm
running format() from prisma-schema-wasm
running lint() from prisma-schema-wasm
running lint() from prisma-schema-wasm
running lint() from prisma-schema-wasm
running lint() from prisma-schema-wasm
running lint() from prisma-schema-wasm
running lint() from prisma-schema-wasm
running lint() from prisma-schema-wasm
running lint() from prisma-schema-wasm
running lint() from prisma-schema-wasm
running lint() from prisma-schema-wasm
running lint() from prisma-schema-wasm
running lint() from prisma-schema-wasm
running lint() from prisma-schema-wasm
running lint() from prisma-schema-wasm
running lint() from prisma-schema-wasm
running lint() from prisma-schema-wasm
running lint() from prisma-schema-wasm
running lint() from prisma-schema-wasm
running lint() from prisma-schema-wasm
running lint() from prisma-schema-wasm
running lint() from prisma-schema-wasm
running lint() from prisma-schema-wasm
running lint() from prisma-schema-wasm
running lint() from prisma-schema-wasm
running lint() from prisma-schema-wasm
running lint() from prisma-schema-wasm
running lint() from prisma-schema-wasm
running lint() from prisma-schema-wasm
running lint() from prisma-schema-wasm
running lint() from prisma-schema-wasm
running format() from prisma-schema-wasm
running lint() from prisma-schema-wasm
running lint() from prisma-schema-wasm
running lint() from prisma-schema-wasm
running lint() from prisma-schema-wasm
running lint() from prisma-schema-wasm
[Info  - 3:04:03 PM] Configuration changed.
