[Info  - 10:01:47 AM] Default version of Prisma 'prisma-schema-wasm': b9a39a7ee606c28e3455d0fd60e78c3ba82b1a2b
[Info  - 10:01:47 AM] Extension name @prisma/language-server with version 5.13.1
[Info  - 10:01:47 AM] Prisma Engines version: 5.13.0-23.b9a39a7ee606c28e3455d0fd60e78c3ba82b1a2b
[Info  - 10:01:47 AM] Prisma CLI version: 5.13.0
running lint() from prisma-schema-wasm
running lint() from prisma-schema-wasm
running lint() from prisma-schema-wasm
running lint() from prisma-schema-wasm
running lint() from prisma-schema-wasm
running lint() from prisma-schema-wasm
running lint() from prisma-schema-wasm
running lint() from prisma-schema-wasm
running lint() from prisma-schema-wasm
running lint() from prisma-schema-wasm
running lint() from prisma-schema-wasm
running lint() from prisma-schema-wasm
running lint() from prisma-schema-wasm
running lint() from prisma-schema-wasm
running lint() from prisma-schema-wasm
running lint() from prisma-schema-wasm
running lint() from prisma-schema-wasm
running lint() from prisma-schema-wasm
running lint() from prisma-schema-wasm
running lint() from prisma-schema-wasm
running lint() from prisma-schema-wasm
running lint() from prisma-schema-wasm
running lint() from prisma-schema-wasm
running lint() from prisma-schema-wasm
running lint() from prisma-schema-wasm
running lint() from prisma-schema-wasm
