2024-05-07 10:05:40.831 [info] update#setState idle
2024-05-07 10:05:41.858 [error] [storage state.vscdb] exec(): Error: SQLITE_BUSY: database is locked
2024-05-07 10:05:41.860 [error] [storage state.vscdb] exec(): Error: SQLITE_BUSY: database is locked
2024-05-07 10:05:41.860 [error] [storage state.vscdb] open(): Unable to open DB due to Error: SQLITE_BUSY: database is locked
2024-05-07 10:05:41.860 [error] [storage state.vscdb] open(): Unable to open DB due to Error: SQLITE_BUSY: database is locked
2024-05-07 10:05:44.865 [error] [storage state.vscdb] exec(): Error: SQLITE_BUSY: database is locked
2024-05-07 10:05:44.866 [error] [storage state.vscdb] exec(): Error: SQLITE_BUSY: database is locked
2024-05-07 10:05:44.866 [error] [storage state.vscdb] open(): Unable to open DB due to Error: SQLITE_BUSY: database is locked
2024-05-07 10:05:44.866 [error] [storage state.vscdb] open(): Unable to open DB due to Error: SQLITE_BUSY: database is locked
2024-05-07 10:06:10.866 [info] update#setState checking for updates
2024-05-07 10:06:10.873 [info] update#setState available for download
2024-05-07 13:17:54.172 [error] [UtilityProcessWorker]: terminated unexpectedly with code 15, signal: unknown
2024-05-07 13:17:54.172 [error] [UtilityProcess id: 1, type: fileWatcher, pid: 16332]: crashed with code 15 and reason 'killed'
2024-05-07 13:17:54.195 [info] Extension host with pid 16342 exited with code: 0, signal: unknown.
2024-05-07 13:19:00.089 [info] Extension host with pid 26572 exited with code: 0, signal: unknown.
2024-05-07 13:19:00.104 [error] [UtilityProcessWorker]: terminated unexpectedly with code 15, signal: unknown
2024-05-07 13:19:00.104 [error] [UtilityProcess id: 1, type: fileWatcher, pid: 26562]: crashed with code 15 and reason 'killed'
2024-05-07 13:20:50.115 [info] Extension host with pid 26805 exited with code: 0, signal: unknown.
2024-05-07 13:20:50.124 [error] [UtilityProcessWorker]: terminated unexpectedly with code 15, signal: unknown
2024-05-07 13:20:50.124 [error] [UtilityProcess id: 1, type: fileWatcher, pid: 26795]: crashed with code 15 and reason 'killed'
2024-05-07 16:02:03.042 [info] Extension host with pid 27031 exited with code: 0, signal: unknown.
