2024-05-07 10:06:43.618 [info] Reading sessions from keychain...
2024-05-07 10:06:43.618 [info] Getting sessions for all scopes...
2024-05-07 10:06:43.618 [info] Getting sessions for all scopes...
2024-05-07 10:06:43.618 [info] Getting sessions for all scopes...
2024-05-07 10:06:43.618 [info] Got 0 sessions for ...
2024-05-07 10:06:43.618 [info] Got 0 sessions for ...
2024-05-07 10:06:43.618 [info] Got 0 sessions for ...
2024-05-07 10:06:43.618 [info] Getting sessions for read:user,repo,user:email,workflow...
2024-05-07 10:06:43.618 [info] Got 0 sessions for read:user,repo,user:email,workflow...
2024-05-07 13:17:55.393 [info] Reading sessions from keychain...
2024-05-07 13:17:55.393 [info] Getting sessions for all scopes...
2024-05-07 13:17:55.393 [info] Getting sessions for all scopes...
2024-05-07 13:17:55.393 [info] Got 0 sessions for ...
2024-05-07 13:17:55.393 [info] Got 0 sessions for ...
2024-05-07 13:17:55.393 [info] Getting sessions for all scopes...
2024-05-07 13:17:55.393 [info] Got 0 sessions for ...
2024-05-07 13:17:55.393 [info] Getting sessions for read:user,repo,user:email,workflow...
2024-05-07 13:17:55.393 [info] Got 0 sessions for read:user,repo,user:email,workflow...
2024-05-07 13:19:01.261 [info] Reading sessions from keychain...
2024-05-07 13:19:01.261 [info] Getting sessions for all scopes...
2024-05-07 13:19:01.261 [info] Getting sessions for all scopes...
2024-05-07 13:19:01.261 [info] Got 0 sessions for ...
2024-05-07 13:19:01.261 [info] Got 0 sessions for ...
2024-05-07 13:19:01.261 [info] Getting sessions for all scopes...
2024-05-07 13:19:01.261 [info] Got 0 sessions for ...
2024-05-07 13:19:01.261 [info] Getting sessions for read:user,repo,user:email,workflow...
2024-05-07 13:19:01.261 [info] Got 0 sessions for read:user,repo,user:email,workflow...
2024-05-07 13:20:51.269 [info] Reading sessions from keychain...
2024-05-07 13:20:51.269 [info] Getting sessions for all scopes...
2024-05-07 13:20:51.269 [info] Getting sessions for all scopes...
2024-05-07 13:20:51.269 [info] Got 0 sessions for ...
2024-05-07 13:20:51.269 [info] Got 0 sessions for ...
2024-05-07 13:20:51.269 [info] Getting sessions for all scopes...
2024-05-07 13:20:51.269 [info] Got 0 sessions for ...
2024-05-07 13:20:51.269 [info] Getting sessions for read:user,repo,user:email,workflow...
2024-05-07 13:20:51.269 [info] Got 0 sessions for read:user,repo,user:email,workflow...
